[    11.847] (--) Log file renamed from "/home/lab/.local/share/xorg/Xorg.pid-1060.log" to "/home/lab/.local/share/xorg/Xorg.0.log"
[    11.849] 
X.Org X Server 1.20.5
X Protocol Version 11, Revision 0
[    11.849] Build Operating System: Linux 4.4.0-170-generic x86_64 Ubuntu
[    11.849] Current Operating System: Linux cs120blab 5.3.0-62-generic #56~18.04.1-Ubuntu SMP Wed Jun 24 16:17:03 UTC 2020 x86_64
[    11.849] Kernel command line: BOOT_IMAGE=/boot/vmlinuz-5.3.0-62-generic root=UUID=a23b533d-df55-4a30-89ab-39bd52689107 ro quiet splash
[    11.849] Build Date: 18 December 2019  08:15:29AM
[    11.850] xorg-server-hwe-18.04 2:1.20.5+git20191008-0ubuntu1~18.04.1 (For technical support please see http://www.ubuntu.com/support) 
[    11.850] Current version of pixman: 0.34.0
[    11.850] 	Before reporting problems, check http://wiki.x.org
	to make sure that you have the latest version.
[    11.850] Markers: (--) probed, (**) from config file, (==) default setting,
	(++) from command line, (!!) notice, (II) informational,
	(WW) warning, (EE) error, (NI) not implemented, (??) unknown.
[    11.850] (==) Log file: "/home/lab/.local/share/xorg/Xorg.0.log", Time: Thu Nov  5 21:28:06 2020
[    11.851] (==) Using system config directory "/usr/share/X11/xorg.conf.d"
[    11.853] (==) No Layout section.  Using the first Screen section.
[    11.853] (==) No screen section available. Using defaults.
[    11.853] (**) |-->Screen "Default Screen Section" (0)
[    11.853] (**) |   |-->Monitor "<default monitor>"
[    11.854] (==) No monitor specified for screen "Default Screen Section".
	Using a default monitor configuration.
[    11.854] (==) Automatically adding devices
[    11.854] (==) Automatically enabling devices
[    11.854] (==) Automatically adding GPU devices
[    11.854] (==) Automatically binding GPU devices
[    11.854] (==) Max clients allowed: 256, resource mask: 0x1fffff
[    11.855] (WW) The directory "/usr/share/fonts/X11/cyrillic" does not exist.
[    11.855] 	Entry deleted from font path.
[    11.855] (WW) The directory "/usr/share/fonts/X11/100dpi/" does not exist.
[    11.855] 	Entry deleted from font path.
[    11.855] (WW) The directory "/usr/share/fonts/X11/75dpi/" does not exist.
[    11.855] 	Entry deleted from font path.
[    11.855] (WW) The directory "/usr/share/fonts/X11/100dpi" does not exist.
[    11.855] 	Entry deleted from font path.
[    11.856] (WW) The directory "/usr/share/fonts/X11/75dpi" does not exist.
[    11.856] 	Entry deleted from font path.
[    11.856] (==) FontPath set to:
	/usr/share/fonts/X11/misc,
	/usr/share/fonts/X11/Type1,
	built-ins
[    11.856] (==) ModulePath set to "/usr/lib/xorg/modules"
[    11.856] (II) The server relies on udev to provide the list of input devices.
	If no devices become available, reconfigure udev or disable AutoAddDevices.
[    11.856] (II) Loader magic: 0x5573ed68c020
[    11.856] (II) Module ABI versions:
[    11.856] 	X.Org ANSI C Emulation: 0.4
[    11.856] 	X.Org Video Driver: 24.0
[    11.856] 	X.Org XInput driver : 24.1
[    11.856] 	X.Org Server Extension : 10.0
[    11.857] (++) using VT number 1

[    11.859] (II) systemd-logind: took control of session /org/freedesktop/login1/session/_31
[    11.859] (II) xfree86: Adding drm device (/dev/dri/card0)
[    11.861] (II) systemd-logind: got fd for /dev/dri/card0 226:0 fd 12 paused 0
[    11.863] (--) PCI:*(0@0:2:0) 15ad:0405:15ad:0405 rev 0, Mem @ 0xe0000000/16777216, 0xf0000000/2097152, I/O @ 0x0000d010/16, BIOS @ 0x????????/131072
[    11.863] (II) LoadModule: "glx"
[    11.863] (II) Loading /usr/lib/xorg/modules/extensions/libglx.so
[    11.870] (II) Module glx: vendor="X.Org Foundation"
[    11.870] 	compiled for 1.20.5, module version = 1.0.0
[    11.870] 	ABI class: X.Org Server Extension, version 10.0
[    11.870] (==) Matched vmware as autoconfigured driver 0
[    11.870] (==) Matched modesetting as autoconfigured driver 1
[    11.871] (==) Matched fbdev as autoconfigured driver 2
[    11.871] (==) Matched vesa as autoconfigured driver 3
[    11.871] (==) Assigned the driver to the xf86ConfigLayout
[    11.871] (II) LoadModule: "vmware"
[    11.871] (II) Loading /usr/lib/xorg/modules/drivers/vmware_drv.so
[    12.321] (II) Module vmware: vendor="X.Org Foundation"
[    12.321] 	compiled for 1.20.1, module version = 13.3.0
[    12.321] 	Module class: X.Org Video Driver
[    12.322] 	ABI class: X.Org Video Driver, version 24.0
[    12.322] (II) LoadModule: "modesetting"
[    12.322] (II) Loading /usr/lib/xorg/modules/drivers/modesetting_drv.so
[    12.323] (II) Module modesetting: vendor="X.Org Foundation"
[    12.323] 	compiled for 1.20.5, module version = 1.20.5
[    12.323] 	Module class: X.Org Video Driver
[    12.323] 	ABI class: X.Org Video Driver, version 24.0
[    12.323] (II) LoadModule: "fbdev"
[    12.323] (II) Loading /usr/lib/xorg/modules/drivers/fbdev_drv.so
[    12.324] (II) Module fbdev: vendor="X.Org Foundation"
[    12.324] 	compiled for 1.20.1, module version = 0.5.0
[    12.324] 	Module class: X.Org Video Driver
[    12.324] 	ABI class: X.Org Video Driver, version 24.0
[    12.324] (II) LoadModule: "vesa"
[    12.324] (II) Loading /usr/lib/xorg/modules/drivers/vesa_drv.so
[    12.325] (II) Module vesa: vendor="X.Org Foundation"
[    12.325] 	compiled for 1.20.1, module version = 2.4.0
[    12.325] 	Module class: X.Org Video Driver
[    12.325] 	ABI class: X.Org Video Driver, version 24.0
[    12.325] (II) vmware: driver for VMware SVGA: vmware0405, vmware0710
[    12.325] (II) modesetting: Driver for Modesetting Kernel Drivers: kms
[    12.325] (II) FBDEV: driver for framebuffer: fbdev
[    12.325] (II) VESA: driver for VESA chipsets: vesa
[    12.326] xf86EnableIOPorts: failed to set IOPL for I/O (Operation not permitted)
[    12.326] (WW) Falling back to old probe method for modesetting
[    12.326] (WW) Falling back to old probe method for fbdev
[    12.326] (II) Loading sub module "fbdevhw"
[    12.326] (II) LoadModule: "fbdevhw"
[    12.326] (II) Loading /usr/lib/xorg/modules/libfbdevhw.so
[    12.327] (II) Module fbdevhw: vendor="X.Org Foundation"
[    12.327] 	compiled for 1.20.5, module version = 0.0.2
[    12.327] 	ABI class: X.Org Video Driver, version 24.0
[    12.328] (EE) open /dev/fb0: Permission denied
[    12.328] (WW) VGA arbiter: cannot open kernel arbiter, no multi-card support
[    12.329] (II) vmware(0): Creating default Display subsection in Screen section
	"Default Screen Section" for depth/fbbpp 24/32
[    12.329] (--) vmware(0): DRM driver version is 2.15.0
[    12.329] (==) vmware(0): Depth 24, (--) framebuffer bpp 32
[    12.329] (==) vmware(0): RGB weight 888
[    12.329] (==) vmware(0): Default visual is TrueColor
[    12.330] (--) vmware(0): Min width 1, Max Width 8192.
[    12.330] (--) vmware(0): Min height 1, Max Height 8192.
[    12.330] (II) vmware(0): Output Virtual1 has no monitor section
[    12.330] (II) vmware(0): Output Virtual2 has no monitor section
[    12.331] (II) vmware(0): Output Virtual3 has no monitor section
[    12.331] (II) vmware(0): Output Virtual4 has no monitor section
[    12.331] (II) vmware(0): Output Virtual5 has no monitor section
[    12.331] (II) vmware(0): Output Virtual6 has no monitor section
[    12.331] (II) vmware(0): Output Virtual7 has no monitor section
[    12.332] (II) vmware(0): Output Virtual8 has no monitor section
[    12.332] (II) vmware(0): Printing probed modes for output Virtual1
[    12.332] (II) vmware(0): Modeline "800x600"x60.0   42.75  800 850 900 950  600 650 700 750 -hsync +vsync (45.0 kHz eP)
[    12.332] (II) vmware(0): Modeline "2560x1600"x60.0  348.50  2560 2752 3032 3504  1600 1603 1609 1658 -hsync +vsync (99.5 kHz e)
[    12.332] (II) vmware(0): Modeline "1920x1440"x60.0  234.00  1920 2048 2256 2600  1440 1441 1444 1500 -hsync +vsync (90.0 kHz e)
[    12.332] (II) vmware(0): Modeline "1856x1392"x60.0  218.25  1856 1952 2176 2528  1392 1393 1396 1439 -hsync +vsync (86.3 kHz e)
[    12.332] (II) vmware(0): Modeline "1792x1344"x60.0  204.75  1792 1920 2120 2448  1344 1345 1348 1394 -hsync +vsync (83.6 kHz e)
[    12.332] (II) vmware(0): Modeline "1920x1200"x59.9  193.25  1920 2056 2256 2592  1200 1203 1209 1245 -hsync +vsync (74.6 kHz e)
[    12.332] (II) vmware(0): Modeline "1600x1200"x60.0  162.00  1600 1664 1856 2160  1200 1201 1204 1250 +hsync +vsync (75.0 kHz e)
[    12.332] (II) vmware(0): Modeline "1680x1050"x60.0  146.25  1680 1784 1960 2240  1050 1053 1059 1089 -hsync +vsync (65.3 kHz e)
[    12.332] (II) vmware(0): Modeline "1400x1050"x60.0  121.75  1400 1488 1632 1864  1050 1053 1057 1089 -hsync +vsync (65.3 kHz e)
[    12.332] (II) vmware(0): Modeline "1280x1024"x60.0  108.00  1280 1328 1440 1688  1024 1025 1028 1066 +hsync +vsync (64.0 kHz e)
[    12.332] (II) vmware(0): Modeline "1440x900"x59.9  106.50  1440 1520 1672 1904  900 903 909 934 -hsync +vsync (55.9 kHz e)
[    12.332] (II) vmware(0): Modeline "1280x960"x60.0  108.00  1280 1376 1488 1800  960 961 964 1000 +hsync +vsync (60.0 kHz e)
[    12.332] (II) vmware(0): Modeline "1360x768"x60.0   85.50  1360 1424 1536 1792  768 771 777 795 +hsync +vsync (47.7 kHz e)
[    12.332] (II) vmware(0): Modeline "1280x800"x59.8   83.50  1280 1352 1480 1680  800 803 809 831 +hsync -vsync (49.7 kHz e)
[    12.332] (II) vmware(0): Modeline "1152x864"x75.0  108.00  1152 1216 1344 1600  864 865 868 900 +hsync +vsync (67.5 kHz e)
[    12.332] (II) vmware(0): Modeline "1280x768"x59.9   79.50  1280 1344 1472 1664  768 771 778 798 -hsync +vsync (47.8 kHz e)
[    12.333] (II) vmware(0): Modeline "1024x768"x60.0   65.00  1024 1048 1184 1344  768 771 777 806 -hsync -vsync (48.4 kHz e)
[    12.333] (II) vmware(0): Modeline "800x600"x60.3   40.00  800 840 968 1056  600 601 605 628 +hsync +vsync (37.9 kHz e)
[    12.333] (II) vmware(0): Modeline "640x480"x59.9   25.18  640 656 752 800  480 489 492 525 -hsync -vsync (31.5 kHz e)
[    12.333] (II) vmware(0): EDID for output Virtual2
[    12.333] (II) vmware(0): EDID for output Virtual3
[    12.333] (II) vmware(0): EDID for output Virtual4
[    12.333] (II) vmware(0): EDID for output Virtual5
[    12.333] (II) vmware(0): EDID for output Virtual6
[    12.333] (II) vmware(0): EDID for output Virtual7
[    12.333] (II) vmware(0): EDID for output Virtual8
[    12.333] (II) vmware(0): Output Virtual1 connected
[    12.333] (II) vmware(0): Output Virtual2 disconnected
[    12.333] (II) vmware(0): Output Virtual3 disconnected
[    12.333] (II) vmware(0): Output Virtual4 disconnected
[    12.333] (II) vmware(0): Output Virtual5 disconnected
[    12.333] (II) vmware(0): Output Virtual6 disconnected
[    12.333] (II) vmware(0): Output Virtual7 disconnected
[    12.333] (II) vmware(0): Output Virtual8 disconnected
[    12.334] (II) vmware(0): Using exact sizes for initial modes
[    12.334] (II) vmware(0): Output Virtual1 using initial mode 800x600 +0+0
[    12.334] (==) vmware(0): DPI set to (96, 96)
[    12.334] (==) vmware(0): Using gamma correction (1.0, 1.0, 1.0)
[    12.334] (II) Loading sub module "fb"
[    12.334] (II) LoadModule: "fb"
[    12.334] (II) Loading /usr/lib/xorg/modules/libfb.so
[    12.335] (II) Module fb: vendor="X.Org Foundation"
[    12.335] 	compiled for 1.20.5, module version = 1.0.0
[    12.335] 	ABI class: X.Org ANSI C Emulation, version 0.4
[    12.335] (II) Loading sub module "dri2"
[    12.336] (II) LoadModule: "dri2"
[    12.336] (II) Module "dri2" already built-in
[    12.336] (II) Loading sub module "dri3"
[    12.336] (II) LoadModule: "dri3"
[    12.336] (II) Module "dri3" already built-in
[    12.336] (II) UnloadModule: "modesetting"
[    12.336] (II) Unloading modesetting
[    12.336] (II) UnloadModule: "fbdev"
[    12.336] (II) Unloading fbdev
[    12.336] (II) UnloadSubModule: "fbdevhw"
[    12.336] (II) Unloading fbdevhw
[    12.336] (II) UnloadModule: "vesa"
[    12.336] (II) Unloading vesa
[    12.338] (II) vmware(0): Initialized VMWARE_CTRL extension version 0.2
[    12.342] (WW) vmware(0): Failed to initialize Gallium3D Xa. No render acceleration available.
[    12.342] (WW) vmware(0): Skipped initialization of direct rendering due to lack of render acceleration.
[    12.342] (--) vmware(0): Render acceleration is disabled.
[    12.342] (==) vmware(0): Rendercheck mode is disabled.
[    12.342] (--) vmware(0): Direct rendering (DRI2 3D) is disabled.
[    12.342] (--) vmware(0): Direct rendering (DRI3 3D) is disabled.
[    12.343] (==) vmware(0): Backing store enabled
[    12.343] (==) vmware(0): Silken mouse enabled
[    12.344] (==) vmware(0): DPMS enabled
[    12.344] (II) vmware(0): No 3D acceleration. Not setting up textured video.
[    12.344] (WW) vmware(0): Disabling Xv because no adaptors could be initialized.
[    12.344] (II) Initializing extension Generic Event Extension
[    12.344] (II) Initializing extension SHAPE
[    12.344] (II) Initializing extension MIT-SHM
[    12.344] (II) Initializing extension XInputExtension
[    12.345] (II) Initializing extension XTEST
[    12.345] (II) Initializing extension BIG-REQUESTS
[    12.346] (II) Initializing extension SYNC
[    12.346] (II) Initializing extension XKEYBOARD
[    12.346] (II) Initializing extension XC-MISC
[    12.346] (II) Initializing extension SECURITY
[    12.346] (II) Initializing extension XFIXES
[    12.347] (II) Initializing extension RENDER
[    12.347] (II) Initializing extension RANDR
[    12.347] (II) Initializing extension COMPOSITE
[    12.347] (II) Initializing extension DAMAGE
[    12.347] (II) Initializing extension MIT-SCREEN-SAVER
[    12.347] (II) Initializing extension DOUBLE-BUFFER
[    12.347] (II) Initializing extension RECORD
[    12.348] (II) Initializing extension DPMS
[    12.348] (II) Initializing extension Present
[    12.348] (II) Initializing extension DRI3
[    12.348] (II) Initializing extension X-Resource
[    12.348] (II) Initializing extension XVideo
[    12.348] (II) Initializing extension XVideo-MotionCompensation
[    12.348] (II) Initializing extension SELinux
[    12.348] (II) SELinux: Disabled on system
[    12.348] (II) Initializing extension GLX
[    12.349] (II) AIGLX: Screen 0 is not DRI2 capable
[    12.376] (II) IGLX: Loaded and initialized swrast
[    12.376] (II) GLX: Initialized DRISWRAST GL provider for screen 0
[    12.376] (II) Initializing extension XFree86-VidModeExtension
[    12.376] (II) Initializing extension XFree86-DGA
[    12.376] (II) Initializing extension XFree86-DRI
[    12.377] (II) Initializing extension DRI2
[    12.380] (II) vmware(0): Setting screen physical size to 211 x 158
[    12.427] (II) config/udev: Adding input device Power Button (/dev/input/event0)
[    12.427] (**) Power Button: Applying InputClass "libinput keyboard catchall"
[    12.427] (II) LoadModule: "libinput"
[    12.427] (II) Loading /usr/lib/xorg/modules/input/libinput_drv.so
[    12.433] (II) Module libinput: vendor="X.Org Foundation"
[    12.433] 	compiled for 1.20.1, module version = 0.28.1
[    12.433] 	Module class: X.Org XInput Driver
[    12.433] 	ABI class: X.Org XInput driver, version 24.1
[    12.433] (II) Using input driver 'libinput' for 'Power Button'
[    12.437] (II) systemd-logind: got fd for /dev/input/event0 13:64 fd 20 paused 0
[    12.437] (**) Power Button: always reports core events
[    12.437] (**) Option "Device" "/dev/input/event0"
[    12.437] (**) Option "_source" "server/udev"
[    12.437] (II) event0  - Power Button: is tagged by udev as: Keyboard
[    12.437] (II) event0  - Power Button: device is a keyboard
[    12.438] (II) event0  - Power Button: device removed
[    12.438] (**) Option "config_info" "udev:/sys/devices/LNXSYSTM:00/LNXPWRBN:00/input/input0/event0"
[    12.438] (II) XINPUT: Adding extended input device "Power Button" (type: KEYBOARD, id 6)
[    12.438] (**) Option "xkb_model" "pc105"
[    12.438] (**) Option "xkb_layout" "us"
[    12.438] (II) event0  - Power Button: is tagged by udev as: Keyboard
[    12.438] (II) event0  - Power Button: device is a keyboard
[    12.439] (II) config/udev: Adding input device Sleep Button (/dev/input/event1)
[    12.439] (**) Sleep Button: Applying InputClass "libinput keyboard catchall"
[    12.439] (II) Using input driver 'libinput' for 'Sleep Button'
[    12.440] (II) systemd-logind: got fd for /dev/input/event1 13:65 fd 23 paused 0
[    12.440] (**) Sleep Button: always reports core events
[    12.440] (**) Option "Device" "/dev/input/event1"
[    12.440] (**) Option "_source" "server/udev"
[    12.440] (II) event1  - Sleep Button: is tagged by udev as: Keyboard
[    12.441] (II) event1  - Sleep Button: device is a keyboard
[    12.441] (II) event1  - Sleep Button: device removed
[    12.441] (**) Option "config_info" "udev:/sys/devices/LNXSYSTM:00/LNXSLPBN:00/input/input1/event1"
[    12.441] (II) XINPUT: Adding extended input device "Sleep Button" (type: KEYBOARD, id 7)
[    12.441] (**) Option "xkb_model" "pc105"
[    12.441] (**) Option "xkb_layout" "us"
[    12.441] (II) event1  - Sleep Button: is tagged by udev as: Keyboard
[    12.441] (II) event1  - Sleep Button: device is a keyboard
[    12.442] (II) config/udev: Adding input device Video Bus (/dev/input/event3)
[    12.442] (**) Video Bus: Applying InputClass "libinput keyboard catchall"
[    12.442] (II) Using input driver 'libinput' for 'Video Bus'
[    12.443] (II) systemd-logind: got fd for /dev/input/event3 13:67 fd 24 paused 0
[    12.443] (**) Video Bus: always reports core events
[    12.443] (**) Option "Device" "/dev/input/event3"
[    12.443] (**) Option "_source" "server/udev"
[    12.444] (II) event3  - Video Bus: is tagged by udev as: Keyboard
[    12.444] (II) event3  - Video Bus: device is a keyboard
[    12.444] (II) event3  - Video Bus: device removed
[    12.444] (**) Option "config_info" "udev:/sys/devices/LNXSYSTM:00/LNXSYBUS:00/PNP0A03:00/LNXVIDEO:00/input/input4/event3"
[    12.444] (II) XINPUT: Adding extended input device "Video Bus" (type: KEYBOARD, id 8)
[    12.444] (**) Option "xkb_model" "pc105"
[    12.444] (**) Option "xkb_layout" "us"
[    12.445] (II) event3  - Video Bus: is tagged by udev as: Keyboard
[    12.445] (II) event3  - Video Bus: device is a keyboard
[    12.445] (II) config/udev: Adding input device VirtualBox mouse integration (/dev/input/event6)
[    12.445] (**) VirtualBox mouse integration: Applying InputClass "libinput pointer catchall"
[    12.446] (II) Using input driver 'libinput' for 'VirtualBox mouse integration'
[    12.447] (II) systemd-logind: got fd for /dev/input/event6 13:70 fd 25 paused 0
[    12.447] (**) VirtualBox mouse integration: always reports core events
[    12.447] (**) Option "Device" "/dev/input/event6"
[    12.447] (**) Option "_source" "server/udev"
[    12.448] (II) event6  - VirtualBox mouse integration: is tagged by udev as: Mouse
[    12.448] (II) event6  - VirtualBox mouse integration: device is a pointer
[    12.448] (II) event6  - VirtualBox mouse integration: device removed
[    12.448] (**) Option "config_info" "udev:/sys/devices/pci0000:00/0000:00:04.0/input/input7/event6"
[    12.448] (II) XINPUT: Adding extended input device "VirtualBox mouse integration" (type: MOUSE, id 9)
[    12.448] (**) Option "AccelerationScheme" "none"
[    12.449] (**) VirtualBox mouse integration: (accel) selected scheme none/0
[    12.449] (**) VirtualBox mouse integration: (accel) acceleration factor: 2.000
[    12.449] (**) VirtualBox mouse integration: (accel) acceleration threshold: 4
[    12.449] (II) event6  - VirtualBox mouse integration: is tagged by udev as: Mouse
[    12.449] (II) event6  - VirtualBox mouse integration: device is a pointer
[    12.449] (II) config/udev: Adding input device VirtualBox mouse integration (/dev/input/js1)
[    12.449] (II) No input driver specified, ignoring this device.
[    12.451] (II) This device may have been added with another device file.
[    12.452] (II) config/udev: Adding input device VirtualBox USB Tablet (/dev/input/event5)
[    12.452] (**) VirtualBox USB Tablet: Applying InputClass "libinput pointer catchall"
[    12.452] (II) Using input driver 'libinput' for 'VirtualBox USB Tablet'
[    12.511] (II) systemd-logind: got fd for /dev/input/event5 13:69 fd 26 paused 0
[    12.511] (**) VirtualBox USB Tablet: always reports core events
[    12.511] (**) Option "Device" "/dev/input/event5"
[    12.511] (**) Option "_source" "server/udev"
[    12.512] (II) event5  - VirtualBox USB Tablet: is tagged by udev as: Mouse
[    12.512] (II) event5  - VirtualBox USB Tablet: device is a pointer
[    12.512] (II) event5  - VirtualBox USB Tablet: device removed
[    12.512] (**) Option "config_info" "udev:/sys/devices/pci0000:00/0000:00:06.0/usb1/1-1/1-1:1.0/0003:80EE:0021.0001/input/input6/event5"
[    12.512] (II) XINPUT: Adding extended input device "VirtualBox USB Tablet" (type: MOUSE, id 10)
[    12.512] (**) Option "AccelerationScheme" "none"
[    12.512] (**) VirtualBox USB Tablet: (accel) selected scheme none/0
[    12.513] (**) VirtualBox USB Tablet: (accel) acceleration factor: 2.000
[    12.513] (**) VirtualBox USB Tablet: (accel) acceleration threshold: 4
[    12.513] (II) event5  - VirtualBox USB Tablet: is tagged by udev as: Mouse
[    12.513] (II) event5  - VirtualBox USB Tablet: device is a pointer
[    12.514] (II) config/udev: Adding input device VirtualBox USB Tablet (/dev/input/js0)
[    12.514] (II) No input driver specified, ignoring this device.
[    12.514] (II) This device may have been added with another device file.
[    12.514] (II) config/udev: Adding input device VirtualBox USB Tablet (/dev/input/mouse1)
[    12.514] (II) No input driver specified, ignoring this device.
[    12.514] (II) This device may have been added with another device file.
[    12.515] (II) config/udev: Adding input device AT Translated Set 2 keyboard (/dev/input/event2)
[    12.515] (**) AT Translated Set 2 keyboard: Applying InputClass "libinput keyboard catchall"
[    12.515] (II) Using input driver 'libinput' for 'AT Translated Set 2 keyboard'
[    12.519] (II) systemd-logind: got fd for /dev/input/event2 13:66 fd 27 paused 0
[    12.519] (**) AT Translated Set 2 keyboard: always reports core events
[    12.519] (**) Option "Device" "/dev/input/event2"
[    12.519] (**) Option "_source" "server/udev"
[    12.520] (II) event2  - AT Translated Set 2 keyboard: is tagged by udev as: Keyboard
[    12.520] (II) event2  - AT Translated Set 2 keyboard: device is a keyboard
[    12.520] (II) event2  - AT Translated Set 2 keyboard: device removed
[    12.520] (**) Option "config_info" "udev:/sys/devices/platform/i8042/serio0/input/input2/event2"
[    12.520] (II) XINPUT: Adding extended input device "AT Translated Set 2 keyboard" (type: KEYBOARD, id 11)
[    12.520] (**) Option "xkb_model" "pc105"
[    12.521] (**) Option "xkb_layout" "us"
[    12.521] (II) event2  - AT Translated Set 2 keyboard: is tagged by udev as: Keyboard
[    12.522] (II) event2  - AT Translated Set 2 keyboard: device is a keyboard
[    12.522] (II) config/udev: Adding input device ImExPS/2 Generic Explorer Mouse (/dev/input/event4)
[    12.522] (**) ImExPS/2 Generic Explorer Mouse: Applying InputClass "libinput pointer catchall"
[    12.523] (II) Using input driver 'libinput' for 'ImExPS/2 Generic Explorer Mouse'
[    12.525] (II) systemd-logind: got fd for /dev/input/event4 13:68 fd 28 paused 0
[    12.525] (**) ImExPS/2 Generic Explorer Mouse: always reports core events
[    12.525] (**) Option "Device" "/dev/input/event4"
[    12.525] (**) Option "_source" "server/udev"
[    12.525] (II) event4  - ImExPS/2 Generic Explorer Mouse: is tagged by udev as: Mouse
[    12.525] (II) event4  - ImExPS/2 Generic Explorer Mouse: device is a pointer
[    12.526] (II) event4  - ImExPS/2 Generic Explorer Mouse: device removed
[    12.526] (**) Option "config_info" "udev:/sys/devices/platform/i8042/serio1/input/input5/event4"
[    12.526] (II) XINPUT: Adding extended input device "ImExPS/2 Generic Explorer Mouse" (type: MOUSE, id 12)
[    12.526] (**) Option "AccelerationScheme" "none"
[    12.526] (**) ImExPS/2 Generic Explorer Mouse: (accel) selected scheme none/0
[    12.526] (**) ImExPS/2 Generic Explorer Mouse: (accel) acceleration factor: 2.000
[    12.526] (**) ImExPS/2 Generic Explorer Mouse: (accel) acceleration threshold: 4
[    12.527] (II) event4  - ImExPS/2 Generic Explorer Mouse: is tagged by udev as: Mouse
[    12.527] (II) event4  - ImExPS/2 Generic Explorer Mouse: device is a pointer
[    12.527] (II) config/udev: Adding input device ImExPS/2 Generic Explorer Mouse (/dev/input/mouse0)
[    12.527] (II) No input driver specified, ignoring this device.
[    12.527] (II) This device may have been added with another device file.
[    13.599] (EE) No surface to present from.
